5.6210 	WARNING 	We strongly recommend you activate the PTB sound engine in PsychoPy prefs as the preferred audio engine. Its timing is vastly superior. Your prefs are currently set to use ['sounddevice', 'PTB', 'pyo', 'pygame'] (in that order).
12.5876 	WARNING 	User requested fullscreen with size [1024  768], but screen is actually [1680, 1050]. Using actual size
14.9657 	WARNING 	Couldn't measure a consistent frame rate!
  - Is your graphics card set to sync to vertical blank?
  - Are you running other processes on your computer?

14.9664 	EXP 	Created window1 = Window(allowGUI=True, allowStencil=False, autoLog=True, backendConf=UNKNOWN, bitsMode=UNKNOWN, blendMode='avg', bpc=(8, 8, 8), color=array([0, 0, 0]), colorSpace='rgb', depthBits=8, fullscr=<method-wrapper '__getattribute__' of attributeSetter object at 0x7f8bb72c4640>, gamma=None, gammaErrorPolicy='raise', lms=UNKNOWN, monitor=<psychopy.monitors.calibTools.Monitor object at 0x7f8b84662730>, multiSample=False, name='window1', numSamples=2, pos=[420.0, 262.5], screen=0, size=array([3360, 2100]), stencilBits=0, stereo=False, units='height', useFBO=True, useRetina=True, viewOri=0.0, viewPos=None, viewScale=None, waitBlanking=True, winType='pyglet')
14.9667 	EXP 	window1: mouseVisible = True
14.9682 	EXP 	window1: mouseVisible = False
14.9683 	EXP 	window1: Attempting to measure frame rate of screen (0) ...
14.9683 	EXP 	window1: recordFrameIntervals = False
15.1315 	EXP 	window1: recordFrameIntervals = True
15.3147 	WARNING 	t of last frame was 23.97ms (=1/41)
15.6357 	EXP 	Screen (0) actual frame rate measured at 60.83Hz
15.6358 	EXP 	window1: recordFrameIntervals = True
19.8802 	EXP 	Created text = TextStim(__class__=<class 'psychopy.visual.text.TextStim'>, alignHoriz=method-wrapper(...), alignText='center', alignVert=method-wrapper(...), anchorHoriz='center', anchorVert='center', antialias=True, autoDraw=False, autoLog=True, bold=False, color=array([1, 1, 1]), colorSpace='rgb', contrast=1.0, depth=0.0, flipHoriz=False, flipVert=False, font='Open Sans', fontFiles=[], height=0.05, italic=False, languageStyle='LTR', name='text', opacity=1.0, ori=0.0, pos=array([0., 0.]), rgb=UNKNOWN, text=str(...), units='height', win=Window(...), wrapWidth=1)
19.9085 	EXP 	Created text_2 = TextStim(__class__=<class 'psychopy.visual.text.TextStim'>, alignHoriz=method-wrapper(...), alignText='center', alignVert=method-wrapper(...), anchorHoriz='center', anchorVert='center', antialias=True, autoDraw=False, autoLog=True, bold=False, color=array([1, 1, 1]), colorSpace='rgb', contrast=1.0, depth=0.0, flipHoriz=False, flipVert=False, font='Open Sans', fontFiles=[], height=0.05, italic=False, languageStyle='LTR', name='text_2', opacity=1.0, ori=0.0, pos=array([0., 0.]), rgb=UNKNOWN, text=str(...), units='height', win=Window(...), wrapWidth=1)
19.9136 	EXP 	Created imageA = ImageStim(__class__=<class 'psychopy.visual.image.ImageStim'>, anchor=('center', 'center'), autoLog=True, color=array([1, 1, 1]), colorSpace='rgb', contrast=1.0, depth=0.0, flipHoriz=False, flipVert=False, image='sin', interpolate=True, mask=None, maskParams=None, name='imageA', opacity=1.0, ori=0.0, pos=array([-0.25,  2.  ]), size=array([0.2, 0.2]), texRes=128.0, units='height', win=Window(...))
19.9180 	EXP 	Created imageB = ImageStim(__class__=<class 'psychopy.visual.image.ImageStim'>, anchor=('center', 'center'), autoLog=True, color=array([1, 1, 1]), colorSpace='rgb', contrast=1.0, depth=-1.0, flipHoriz=False, flipVert=False, image='sin', interpolate=True, mask=None, maskParams=None, name='imageB', opacity=1.0, ori=0.0, pos=array([0., 2.]), size=array([0.2, 0.2]), texRes=128.0, units='height', win=Window(...))
19.9222 	EXP 	Created imageC = ImageStim(__class__=<class 'psychopy.visual.image.ImageStim'>, anchor=('center', 'center'), autoLog=True, color=array([1, 1, 1]), colorSpace='rgb', contrast=1.0, depth=-2.0, flipHoriz=False, flipVert=False, image='sin', interpolate=True, mask=None, maskParams=None, name='imageC', opacity=1.0, ori=0.0, pos=array([0.25, 0.2 ]), size=array([0.2, 0.2]), texRes=128.0, units='height', win=Window(...))
19.9288 	EXP 	Created text_4 = TextStim(__class__=<class 'psychopy.visual.text.TextStim'>, alignHoriz=method-wrapper(...), alignText='center', alignVert=method-wrapper(...), anchorHoriz='center', anchorVert='center', antialias=True, autoDraw=False, autoLog=True, bold=False, color=array([1, 1, 1]), colorSpace='rgb', contrast=1.0, depth=-3.0, flipHoriz=False, flipVert=False, font='Open Sans', fontFiles=[], height=0.05, italic=False, languageStyle='LTR', name='text_4', opacity=1.0, ori=0.0, pos=array([0., 0.]), rgb=UNKNOWN, text=str(...), units='height', win=Window(...), wrapWidth=1)
19.9341 	EXP 	Created text_3 = TextStim(__class__=<class 'psychopy.visual.text.TextStim'>, alignHoriz=method-wrapper(...), alignText='center', alignVert=method-wrapper(...), anchorHoriz='center', anchorVert='center', antialias=True, autoDraw=False, autoLog=True, bold=False, color=array([1, 1, 1]), colorSpace='rgb', contrast=1.0, depth=0.0, flipHoriz=False, flipVert=False, font='Open Sans', fontFiles=[], height=0.05, italic=False, languageStyle='LTR', name='text_3', opacity=1.0, ori=0.0, pos=array([0., 0.]), rgb=UNKNOWN, text=str(...), units='height', win=Window(...), wrapWidth=1)
19.9531 	WARNING 	t of last frame was 4317.62ms (=1/0)
19.9531 	EXP 	text: autoDraw = True
20.3644 	WARNING 	t of last frame was 25.87ms (=1/38)
20.3851 	WARNING 	t of last frame was 20.66ms (=1/48)
20.6149 	WARNING 	Multiple dropped frames have occurred - I'll stop bothering you about them!
23.9586 	EXP 	text: autoDraw = False
23.9586 	EXP 	text_2: autoDraw = True
25.6409 	EXP 	Imported landmark_stims.xlsx as conditions, 4 conditions, 3 params
25.6415 	EXP 	Created sequence: random, trialTypes=4, nReps=1, seed=None
25.6418 	EXP 	New trial (rep=0, index=0): {'landmark_imagesA': 'images_NavUtil/Landmark1.png', 'landmark_imagesB': 'images_NavUtil/Landmark5.png', 'landmark_imagesC': 'images_NavUtil/Landmark9.png'}
25.7128 	DATA 	Keypress: space
25.7305 	EXP 	text_2: autoDraw = False
25.7305 	EXP 	imageA: image = 'images_NavUtil/Landmark1.png'
25.7305 	EXP 	imageB: image = 'images_NavUtil/Landmark5.png'
25.7305 	EXP 	imageC: image = 'images_NavUtil/Landmark9.png'
25.7305 	EXP 	imageA: autoDraw = True
25.7305 	EXP 	imageB: autoDraw = True
25.7305 	EXP 	imageC: autoDraw = True
25.7305 	EXP 	text_4: autoDraw = True
34.3390 	DATA 	Keypress: space
36.5609 	EXP 	New trial (rep=0, index=1): {'landmark_imagesA': 'images_NavUtil/Landmark2.png', 'landmark_imagesB': 'images_NavUtil/Landmark6.png', 'landmark_imagesC': 'images_NavUtil/Landmark10.png'}
36.6078 	DATA 	Keypress: 3
36.6210 	EXP 	imageA: autoDraw = False
36.6210 	EXP 	imageB: autoDraw = False
36.6210 	EXP 	imageC: autoDraw = False
36.6210 	EXP 	text_4: autoDraw = False
36.6210 	EXP 	imageA: image = 'images_NavUtil/Landmark2.png'
36.6210 	EXP 	imageB: image = 'images_NavUtil/Landmark6.png'
36.6210 	EXP 	imageC: image = 'images_NavUtil/Landmark10.png'
36.6210 	EXP 	imageA: autoDraw = True
36.6210 	EXP 	imageB: autoDraw = True
36.6210 	EXP 	imageC: autoDraw = True
36.6210 	EXP 	text_4: autoDraw = True
37.1851 	EXP 	New trial (rep=0, index=2): {'landmark_imagesA': 'images_NavUtil/Landmark4.png', 'landmark_imagesB': 'images_NavUtil/Landmark8.png', 'landmark_imagesC': 'images_NavUtil/Landmark12.png'}
37.2192 	DATA 	Keypress: 3
37.2318 	EXP 	imageA: autoDraw = False
37.2318 	EXP 	imageB: autoDraw = False
37.2318 	EXP 	imageC: autoDraw = False
37.2318 	EXP 	text_4: autoDraw = False
37.2318 	EXP 	imageA: image = 'images_NavUtil/Landmark4.png'
37.2318 	EXP 	imageB: image = 'images_NavUtil/Landmark8.png'
37.2318 	EXP 	imageC: image = 'images_NavUtil/Landmark12.png'
37.2318 	EXP 	imageA: autoDraw = True
37.2318 	EXP 	imageB: autoDraw = True
37.2318 	EXP 	imageC: autoDraw = True
37.2318 	EXP 	text_4: autoDraw = True
37.7932 	DATA 	Keypress: 3
37.8095 	EXP 	New trial (rep=0, index=3): {'landmark_imagesA': 'images_NavUtil/Landmark3.png', 'landmark_imagesB': 'images_NavUtil/Landmark7.png', 'landmark_imagesC': 'images_NavUtil/Landmark11.png'}
37.8550 	EXP 	imageA: autoDraw = False
37.8550 	EXP 	imageB: autoDraw = False
37.8550 	EXP 	imageC: autoDraw = False
37.8550 	EXP 	text_4: autoDraw = False
37.8550 	EXP 	imageA: image = 'images_NavUtil/Landmark3.png'
37.8550 	EXP 	imageB: image = 'images_NavUtil/Landmark7.png'
37.8550 	EXP 	imageC: image = 'images_NavUtil/Landmark11.png'
37.8550 	EXP 	imageA: autoDraw = True
37.8550 	EXP 	imageB: autoDraw = True
37.8550 	EXP 	imageC: autoDraw = True
37.8550 	EXP 	text_4: autoDraw = True
39.6854 	DATA 	Keypress: 2
39.6972 	EXP 	imageA: autoDraw = False
39.6972 	EXP 	imageB: autoDraw = False
39.6972 	EXP 	imageC: autoDraw = False
39.6972 	EXP 	text_4: autoDraw = False
39.6972 	EXP 	text_3: autoDraw = True
43.7018 	EXP 	text_3: autoDraw = False
44.2585 	EXP 	window1: mouseVisible = True
