4.7282 	WARNING 	We strongly recommend you activate the PTB sound engine in PsychoPy prefs as the preferred audio engine. Its timing is vastly superior. Your prefs are currently set to use ['sounddevice', 'PTB', 'pyo', 'pygame'] (in that order).
11.0139 	WARNING 	User requested fullscreen with size [1024  768], but screen is actually [1680, 1050]. Using actual size
13.3631 	WARNING 	Couldn't measure a consistent frame rate!
  - Is your graphics card set to sync to vertical blank?
  - Are you running other processes on your computer?

13.3639 	EXP 	Created window1 = Window(allowGUI=True, allowStencil=False, autoLog=True, backendConf=UNKNOWN, bitsMode=UNKNOWN, blendMode='avg', bpc=(8, 8, 8), color=array([0, 0, 0]), colorSpace='rgb', depthBits=8, fullscr=<method-wrapper '__getattribute__' of attributeSetter object at 0x7fc8a39ee6d0>, gamma=None, gammaErrorPolicy='raise', lms=UNKNOWN, monitor=<psychopy.monitors.calibTools.Monitor object at 0x7fc87561b670>, multiSample=False, name='window1', numSamples=2, pos=[420.0, 262.5], screen=0, size=array([3360, 2100]), stencilBits=0, stereo=False, units='height', useFBO=True, useRetina=True, viewOri=0.0, viewPos=None, viewScale=None, waitBlanking=True, winType='pyglet')
13.3642 	EXP 	window1: mouseVisible = True
13.3656 	EXP 	window1: mouseVisible = False
13.3657 	EXP 	window1: Attempting to measure frame rate of screen (0) ...
13.3657 	EXP 	window1: recordFrameIntervals = False
13.5284 	EXP 	window1: recordFrameIntervals = True
13.6476 	WARNING 	t of last frame was 25.39ms (=1/39)
14.0976 	WARNING 	t of last frame was 25.74ms (=1/38)
14.2308 	WARNING 	t of last frame was 25.37ms (=1/39)
14.3267 	WARNING 	t of last frame was 20.04ms (=1/49)
14.3809 	WARNING 	Multiple dropped frames have occurred - I'll stop bothering you about them!
15.1084 	WARNING 	Couldn't measure a consistent frame rate!
  - Is your graphics card set to sync to vertical blank?
  - Are you running other processes on your computer?

18.8853 	EXP 	Created text = TextStim(__class__=<class 'psychopy.visual.text.TextStim'>, alignHoriz=method-wrapper(...), alignText='center', alignVert=method-wrapper(...), anchorHoriz='center', anchorVert='center', antialias=True, autoDraw=False, autoLog=True, bold=False, color=array([1, 1, 1]), colorSpace='rgb', contrast=1.0, depth=0.0, flipHoriz=False, flipVert=False, font='Open Sans', fontFiles=[], height=0.05, italic=False, languageStyle='LTR', name='text', opacity=1.0, ori=0.0, pos=array([0., 0.]), rgb=UNKNOWN, text=str(...), units='height', win=Window(...), wrapWidth=1)
18.9142 	EXP 	Created text_2 = TextStim(__class__=<class 'psychopy.visual.text.TextStim'>, alignHoriz=method-wrapper(...), alignText='center', alignVert=method-wrapper(...), anchorHoriz='center', anchorVert='center', antialias=True, autoDraw=False, autoLog=True, bold=False, color=array([1, 1, 1]), colorSpace='rgb', contrast=1.0, depth=0.0, flipHoriz=False, flipVert=False, font='Open Sans', fontFiles=[], height=0.05, italic=False, languageStyle='LTR', name='text_2', opacity=1.0, ori=0.0, pos=array([0., 0.]), rgb=UNKNOWN, text=str(...), units='height', win=Window(...), wrapWidth=1)
18.9193 	EXP 	Created imageA = ImageStim(__class__=<class 'psychopy.visual.image.ImageStim'>, anchor=('center', 'center'), autoLog=True, color=array([1, 1, 1]), colorSpace='rgb', contrast=1.0, depth=0.0, flipHoriz=False, flipVert=False, image='sin', interpolate=True, mask=None, maskParams=None, name='imageA', opacity=1.0, ori=0.0, pos=array([-0.25,  0.2 ]), size=array([0.2, 0.2]), texRes=128.0, units='height', win=Window(...))
18.9236 	EXP 	Created imageB = ImageStim(__class__=<class 'psychopy.visual.image.ImageStim'>, anchor=('center', 'center'), autoLog=True, color=array([1, 1, 1]), colorSpace='rgb', contrast=1.0, depth=-1.0, flipHoriz=False, flipVert=False, image='sin', interpolate=True, mask=None, maskParams=None, name='imageB', opacity=1.0, ori=0.0, pos=array([0. , 0.2]), size=array([0.2, 0.2]), texRes=128.0, units='height', win=Window(...))
18.9280 	EXP 	Created imageC = ImageStim(__class__=<class 'psychopy.visual.image.ImageStim'>, anchor=('center', 'center'), autoLog=True, color=array([1, 1, 1]), colorSpace='rgb', contrast=1.0, depth=-2.0, flipHoriz=False, flipVert=False, image='sin', interpolate=True, mask=None, maskParams=None, name='imageC', opacity=1.0, ori=0.0, pos=array([0.25, 0.2 ]), size=array([0.2, 0.2]), texRes=128.0, units='height', win=Window(...))
18.9350 	EXP 	Created text_4 = TextStim(__class__=<class 'psychopy.visual.text.TextStim'>, alignHoriz=method-wrapper(...), alignText='center', alignVert=method-wrapper(...), anchorHoriz='center', anchorVert='center', antialias=True, autoDraw=False, autoLog=True, bold=False, color=array([1, 1, 1]), colorSpace='rgb', contrast=1.0, depth=-3.0, flipHoriz=False, flipVert=False, font='Open Sans', fontFiles=[], height=0.05, italic=False, languageStyle='LTR', name='text_4', opacity=1.0, ori=0.0, pos=array([0., 0.]), rgb=UNKNOWN, text=str(...), units='height', win=Window(...), wrapWidth=1)
18.9406 	EXP 	Created text_3 = TextStim(__class__=<class 'psychopy.visual.text.TextStim'>, alignHoriz=method-wrapper(...), alignText='center', alignVert=method-wrapper(...), anchorHoriz='center', anchorVert='center', antialias=True, autoDraw=False, autoLog=True, bold=False, color=array([1, 1, 1]), colorSpace='rgb', contrast=1.0, depth=0.0, flipHoriz=False, flipVert=False, font='Open Sans', fontFiles=[], height=0.05, italic=False, languageStyle='LTR', name='text_3', opacity=1.0, ori=0.0, pos=array([0., 0.]), rgb=UNKNOWN, text=str(...), units='height', win=Window(...), wrapWidth=1)
18.9642 	EXP 	text: autoDraw = True
22.9576 	EXP 	text: autoDraw = False
22.9576 	EXP 	text_2: autoDraw = True
28.2633 	EXP 	Imported landmark_stims.xlsx as conditions, 4 conditions, 3 params
28.2642 	EXP 	Created sequence: random, trialTypes=4, nReps=1, seed=None
28.2646 	EXP 	New trial (rep=0, index=0): {'landmark_imagesA': 'images_NavUtil/Landmark3.png', 'landmark_imagesB': 'images_NavUtil/Landmark7.png', 'landmark_imagesC': 'images_NavUtil/Landmark11.png'}
28.3220 	DATA 	Keypress: space
28.3392 	EXP 	text_2: autoDraw = False
28.3392 	EXP 	imageA: image = 'images_NavUtil/Landmark3.png'
28.3392 	EXP 	imageB: image = 'images_NavUtil/Landmark7.png'
28.3392 	EXP 	imageC: image = 'images_NavUtil/Landmark11.png'
28.3392 	EXP 	imageA: autoDraw = True
28.3392 	EXP 	imageB: autoDraw = True
28.3392 	EXP 	imageC: autoDraw = True
28.3392 	EXP 	text_4: autoDraw = True
30.2017 	EXP 	New trial (rep=0, index=1): {'landmark_imagesA': 'images_NavUtil/Landmark4.png', 'landmark_imagesB': 'images_NavUtil/Landmark8.png', 'landmark_imagesC': 'images_NavUtil/Landmark12.png'}
30.2314 	DATA 	Keypress: 3
30.2440 	EXP 	imageA: autoDraw = False
30.2440 	EXP 	imageB: autoDraw = False
30.2440 	EXP 	imageC: autoDraw = False
30.2440 	EXP 	text_4: autoDraw = False
30.2440 	EXP 	imageA: image = 'images_NavUtil/Landmark4.png'
30.2440 	EXP 	imageB: image = 'images_NavUtil/Landmark8.png'
30.2440 	EXP 	imageC: image = 'images_NavUtil/Landmark12.png'
30.2440 	EXP 	imageA: autoDraw = True
30.2440 	EXP 	imageB: autoDraw = True
30.2440 	EXP 	imageC: autoDraw = True
30.2440 	EXP 	text_4: autoDraw = True
30.4151 	EXP 	New trial (rep=0, index=2): {'landmark_imagesA': 'images_NavUtil/Landmark1.png', 'landmark_imagesB': 'images_NavUtil/Landmark5.png', 'landmark_imagesC': 'images_NavUtil/Landmark9.png'}
30.4509 	DATA 	Keypress: 3
30.4635 	EXP 	imageA: autoDraw = False
30.4635 	EXP 	imageB: autoDraw = False
30.4635 	EXP 	imageC: autoDraw = False
30.4635 	EXP 	text_4: autoDraw = False
30.4635 	EXP 	imageA: image = 'images_NavUtil/Landmark1.png'
30.4635 	EXP 	imageB: image = 'images_NavUtil/Landmark5.png'
30.4635 	EXP 	imageC: image = 'images_NavUtil/Landmark9.png'
30.4635 	EXP 	imageA: autoDraw = True
30.4635 	EXP 	imageB: autoDraw = True
30.4635 	EXP 	imageC: autoDraw = True
30.4635 	EXP 	text_4: autoDraw = True
30.8714 	EXP 	New trial (rep=0, index=3): {'landmark_imagesA': 'images_NavUtil/Landmark2.png', 'landmark_imagesB': 'images_NavUtil/Landmark6.png', 'landmark_imagesC': 'images_NavUtil/Landmark10.png'}
30.8991 	DATA 	Keypress: 3
30.9121 	EXP 	imageA: autoDraw = False
30.9121 	EXP 	imageB: autoDraw = False
30.9121 	EXP 	imageC: autoDraw = False
30.9121 	EXP 	text_4: autoDraw = False
30.9121 	EXP 	imageA: image = 'images_NavUtil/Landmark2.png'
30.9121 	EXP 	imageB: image = 'images_NavUtil/Landmark6.png'
30.9121 	EXP 	imageC: image = 'images_NavUtil/Landmark10.png'
30.9121 	EXP 	imageA: autoDraw = True
30.9121 	EXP 	imageB: autoDraw = True
30.9121 	EXP 	imageC: autoDraw = True
30.9121 	EXP 	text_4: autoDraw = True
31.2212 	DATA 	Keypress: 3
31.2509 	EXP 	imageA: autoDraw = False
31.2509 	EXP 	imageB: autoDraw = False
31.2509 	EXP 	imageC: autoDraw = False
31.2509 	EXP 	text_4: autoDraw = False
31.2509 	EXP 	text_3: autoDraw = True
35.2575 	EXP 	text_3: autoDraw = False
35.8146 	EXP 	window1: mouseVisible = True
